<?xml version="1.0" encoding="UTF-8"?>
<robot generator="Robot 3.1.2 (Python 3.7.4 on win32)" generated="20220120 23:09:11.705" rpa="false">
<suite id="s1" name="Rf Test" source="D:\Test\rf_test">
<suite id="s1-s1" name="Test Project1" source="D:\Test\rf_test\test_project1">
<suite id="s1-s1-s1" name="Testsuite1" source="D:\Test\rf_test\test_project1\testsuite1.robot">
<test id="s1-s1-s1-t1" name="Test 1">
<kw name="Log" library="BuiltIn">
<doc>Logs the given message with the given level.</doc>
<arguments>
<arg>${testvar1}</arg>
</arguments>
<msg timestamp="20220120 23:09:12.012" level="INFO">makabaka</msg>
<status status="PASS" starttime="20220120 23:09:12.012" endtime="20220120 23:09:12.012"></status>
</kw>
<kw name="Test Py" library="pykeyword1">
<doc>test kw</doc>
<arguments>
<arg>8</arg>
</arguments>
<assign>
<var>${x}</var>
</assign>
<msg timestamp="20220120 23:09:12.012" level="INFO">${x} = 8</msg>
<status status="PASS" starttime="20220120 23:09:12.012" endtime="20220120 23:09:12.012"></status>
</kw>
<tags>
<tag>DEBUG</tag>
</tags>
<status status="PASS" starttime="20220120 23:09:12.011" endtime="20220120 23:09:12.012" critical="yes"></status>
</test>
<doc>Suite description</doc>
<status status="PASS" starttime="20220120 23:09:11.733" endtime="20220120 23:09:12.013"></status>
</suite>
<status status="PASS" starttime="20220120 23:09:11.731" endtime="20220120 23:09:12.013"></status>
</suite>
<status status="PASS" starttime="20220120 23:09:11.707" endtime="20220120 23:09:12.014"></status>
</suite>
<statistics>
<total>
<stat pass="1" fail="0">Critical Tests</stat>
<stat pass="1" fail="0">All Tests</stat>
</total>
<tag>
<stat pass="1" fail="0">DEBUG</stat>
</tag>
<suite>
<stat pass="1" fail="0" id="s1" name="Rf Test">Rf Test</stat>
<stat pass="1" fail="0" id="s1-s1" name="Test Project1">Rf Test.Test Project1</stat>
<stat pass="1" fail="0" id="s1-s1-s1" name="Testsuite1">Rf Test.Test Project1.Testsuite1</stat>
</suite>
</statistics>
<errors>
</errors>
</robot>
